{"level":"info","message":"✓ Database connected successfully","timestamp":"2026-02-12T09:48:17.375Z"}
{"level":"info","message":"✓ Server running on port 5000","timestamp":"2026-02-12T09:48:17.386Z"}
{"level":"info","message":"✓ Database connected successfully","timestamp":"2026-02-12T09:48:56.029Z"}
{"level":"info","message":"✓ Server running on port 5000","timestamp":"2026-02-12T09:48:56.037Z"}
{"level":"info","message":"✓ Database connected successfully","timestamp":"2026-02-12T10:35:11.570Z"}
{"level":"info","message":"✓ Server running on port 5000","timestamp":"2026-02-12T10:35:11.580Z"}
{"level":"info","message":"✓ Database connected successfully","timestamp":"2026-02-12T10:36:03.473Z"}
{"level":"info","message":"✓ Server running on port 5000","timestamp":"2026-02-12T10:36:03.483Z"}
{"level":"error","message":"500 - Field 'seating_capacity' doesn't have a default value - /api/v1/vehicles - POST - ::1","timestamp":"2026-02-12T10:43:21.671Z"}
{"level":"error","message":"500 - Field 'seating_capacity' doesn't have a default value - /api/v1/vehicles - POST - ::1","timestamp":"2026-02-12T10:43:29.631Z"}
{"level":"error","message":"500 - Unknown column 'earned_date' in 'order clause' - /api/v1/agents/commissions - GET - ::1","timestamp":"2026-02-12T10:45:28.688Z"}
{"level":"error","message":"500 - Unknown column 'earned_date' in 'order clause' - /api/v1/agents/commissions - GET - ::1","timestamp":"2026-02-12T10:45:28.700Z"}
{"level":"error","message":"500 - Unknown column 'earned_date' in 'order clause' - /api/v1/agents/commissions - GET - ::1","timestamp":"2026-02-12T10:45:36.491Z"}
{"level":"error","message":"500 - Unknown column 'earned_date' in 'order clause' - /api/v1/agents/commissions - GET - ::1","timestamp":"2026-02-12T10:45:36.498Z"}
{"level":"error","message":"500 - Field 'booking_reference' doesn't have a default value - /api/v1/bookings - POST - ::1","timestamp":"2026-02-12T10:47:45.068Z"}
{"level":"error","message":"500 - Field 'booking_reference' doesn't have a default value - /api/v1/bookings - POST - ::1","timestamp":"2026-02-12T10:48:05.145Z"}
{"level":"error","message":"500 - Field 'booking_reference' doesn't have a default value - /api/v1/bookings - POST - ::1","timestamp":"2026-02-12T10:48:16.346Z"}
{"level":"error","message":"500 - Field 'booking_reference' doesn't have a default value - /api/v1/bookings - POST - ::1","timestamp":"2026-02-12T10:48:54.012Z"}
{"level":"info","message":"✓ Database connected successfully","timestamp":"2026-02-12T10:50:54.133Z"}
{"level":"info","message":"✓ Server running on port 5000","timestamp":"2026-02-12T10:50:54.139Z"}
{"level":"error","message":"500 - Cannot add or update a child row: a foreign key constraint fails (`rivers_rwanda`.`bookings`, CONSTRAINT `bookings_ibfk_1` FOREIGN KEY (`client_id`) REFERENCES `clients` (`id`)) - /api/v1/bookings - POST - ::1","timestamp":"2026-02-12T10:51:28.409Z"}
{"level":"error","message":"500 - Cannot add or update a child row: a foreign key constraint fails (`rivers_rwanda`.`bookings`, CONSTRAINT `bookings_ibfk_1` FOREIGN KEY (`client_id`) REFERENCES `clients` (`id`)) - /api/v1/bookings - POST - ::1","timestamp":"2026-02-12T10:51:33.801Z"}
{"level":"error","message":"500 - Cannot add or update a child row: a foreign key constraint fails (`rivers_rwanda`.`bookings`, CONSTRAINT `bookings_ibfk_1` FOREIGN KEY (`client_id`) REFERENCES `clients` (`id`)) - /api/v1/bookings - POST - ::1","timestamp":"2026-02-12T10:52:46.478Z"}
{"level":"info","message":"✓ Database connected successfully","timestamp":"2026-02-12T10:53:40.363Z"}
{"level":"info","message":"✓ Server running on port 5000","timestamp":"2026-02-12T10:53:40.369Z"}
{"level":"info","message":"✓ Database connected successfully","timestamp":"2026-02-12T10:54:13.880Z"}
{"level":"info","message":"✓ Server running on port 5000","timestamp":"2026-02-12T10:54:13.886Z"}
{"level":"info","message":"✓ Database connected successfully","timestamp":"2026-02-12T10:54:44.050Z"}
{"level":"info","message":"✓ Server running on port 5000","timestamp":"2026-02-12T10:54:44.055Z"}
{"level":"info","message":"✓ Database connected successfully","timestamp":"2026-02-12T10:55:49.662Z"}
{"level":"info","message":"✓ Server running on port 5000","timestamp":"2026-02-12T10:55:49.668Z"}
{"level":"info","message":"✓ Database connected successfully","timestamp":"2026-02-12T11:02:09.154Z"}
{"level":"info","message":"✓ Server running on port 5000","timestamp":"2026-02-12T11:02:09.160Z"}
{"level":"info","message":"✓ Database connected successfully","timestamp":"2026-02-12T11:21:24.520Z"}
{"level":"info","message":"✓ Server running on port 5000","timestamp":"2026-02-12T11:21:24.527Z"}
{"level":"error","message":"500 - Field 'seating_capacity' doesn't have a default value - /api/v1/vehicles - POST - ::1","timestamp":"2026-02-12T11:24:08.174Z"}
{"level":"error","message":"500 - Field 'seating_capacity' doesn't have a default value - /api/v1/vehicles - POST - ::1","timestamp":"2026-02-12T11:24:09.912Z"}
{"level":"error","message":"500 - Cannot delete or update a parent row: a foreign key constraint fails (`rivers_rwanda`.`bookings`, CONSTRAINT `bookings_ibfk_3` FOREIGN KEY (`accommodation_id`) REFERENCES `accommodations` (`id`)) - /api/v1/accommodations/71151e5b-07ff-11f1-bb23-e880889a729a - DELETE - ::1","timestamp":"2026-02-12T11:25:53.748Z"}
{"level":"error","message":"500 - Field 'seating_capacity' doesn't have a default value - /api/v1/vehicles - POST - ::1","timestamp":"2026-02-12T11:29:11.248Z"}
{"level":"error","message":"500 - Field 'seating_capacity' doesn't have a default value - /api/v1/vehicles - POST - ::1","timestamp":"2026-02-12T11:35:44.955Z"}
{"level":"error","message":"500 - Field 'seating_capacity' doesn't have a default value - /api/v1/vehicles - POST - ::1","timestamp":"2026-02-12T11:35:50.240Z"}
{"level":"error","message":"500 - Field 'seating_capacity' doesn't have a default value - /api/v1/vehicles - POST - ::1","timestamp":"2026-02-12T11:37:16.839Z"}
{"level":"error","message":"500 - Field 'seating_capacity' doesn't have a default value - /api/v1/vehicles - POST - ::1","timestamp":"2026-02-12T11:37:26.104Z"}
{"level":"error","message":"500 - Field 'seating_capacity' doesn't have a default value - /api/v1/vehicles - POST - ::1","timestamp":"2026-02-12T11:37:40.879Z"}
{"level":"info","message":"✓ Database connected successfully","timestamp":"2026-02-12T11:40:05.266Z"}
{"level":"info","message":"✓ Server running on port 5000","timestamp":"2026-02-12T11:40:05.276Z"}
{"level":"info","message":"✓ Database connected successfully","timestamp":"2026-02-12T11:41:11.434Z"}
{"level":"info","message":"✓ Server running on port 5000","timestamp":"2026-02-12T11:41:11.444Z"}
{"level":"info","message":"✓ Database connected successfully","timestamp":"2026-02-12T13:12:10.980Z"}
{"level":"info","message":"✓ Server running on port 5000","timestamp":"2026-02-12T13:12:10.987Z"}
{"level":"info","message":"✓ Database connected successfully","timestamp":"2026-02-12T13:38:40.065Z"}
{"level":"info","message":"✓ Server running on port 5000","timestamp":"2026-02-12T13:38:40.072Z"}
{"level":"info","message":"✓ Database connected successfully","timestamp":"2026-02-12T15:05:13.896Z"}
{"level":"info","message":"✓ Server running on port 5000","timestamp":"2026-02-12T15:05:13.915Z"}
{"level":"info","message":"✓ Database connected successfully","timestamp":"2026-02-12T15:05:47.879Z"}
{"level":"info","message":"✓ Server running on port 5000","timestamp":"2026-02-12T15:05:47.898Z"}
{"level":"info","message":"✓ Database connected successfully","timestamp":"2026-02-12T15:06:35.186Z"}
{"level":"info","message":"✓ Server running on port 5000","timestamp":"2026-02-12T15:06:35.236Z"}
{"level":"info","message":"✓ Database connected successfully","timestamp":"2026-02-12T18:44:22.929Z"}
{"level":"info","message":"✓ Server running on port 5000","timestamp":"2026-02-12T18:44:22.934Z"}
{"level":"error","message":"500 - Unknown column 'earned_date' in 'order clause' - /api/v1/agents/commissions - GET - ::1","timestamp":"2026-02-12T18:57:01.989Z"}
{"level":"error","message":"500 - Unknown column 'earned_date' in 'order clause' - /api/v1/agents/commissions - GET - ::1","timestamp":"2026-02-12T18:57:02.013Z"}
{"level":"error","message":"500 - Unknown column 'earned_date' in 'order clause' - /api/v1/agents/commissions - GET - ::1","timestamp":"2026-02-12T18:57:08.708Z"}
{"level":"error","message":"500 - Unknown column 'earned_date' in 'order clause' - /api/v1/agents/commissions - GET - ::1","timestamp":"2026-02-12T18:57:08.714Z"}
{"level":"error","message":"500 - Unknown column 'earned_date' in 'order clause' - /api/v1/agents/commissions - GET - ::1","timestamp":"2026-02-12T18:58:34.500Z"}
{"level":"error","message":"500 - Unknown column 'earned_date' in 'order clause' - /api/v1/agents/commissions - GET - ::1","timestamp":"2026-02-12T18:58:34.508Z"}
{"level":"error","message":"500 - Unknown column 'earned_date' in 'order clause' - /api/v1/agents/commissions - GET - ::1","timestamp":"2026-02-12T18:59:05.163Z"}
{"level":"error","message":"500 - Unknown column 'earned_date' in 'order clause' - /api/v1/agents/commissions - GET - ::1","timestamp":"2026-02-12T18:59:05.171Z"}
{"level":"error","message":"500 - Unknown column 'earned_date' in 'order clause' - /api/v1/agents/commissions - GET - ::1","timestamp":"2026-02-12T18:59:17.452Z"}
{"level":"error","message":"500 - Unknown column 'earned_date' in 'order clause' - /api/v1/agents/commissions - GET - ::1","timestamp":"2026-02-12T18:59:17.464Z"}
{"level":"error","message":"500 - Unknown column 'earned_date' in 'order clause' - /api/v1/agents/commissions - GET - ::1","timestamp":"2026-02-12T18:59:23.024Z"}
{"level":"error","message":"500 - Unknown column 'earned_date' in 'order clause' - /api/v1/agents/commissions - GET - ::1","timestamp":"2026-02-12T18:59:23.032Z"}
{"level":"error","message":"500 - Unknown column 'earned_date' in 'order clause' - /api/v1/agents/commissions - GET - ::1","timestamp":"2026-02-12T19:00:40.267Z"}
{"level":"error","message":"500 - Unknown column 'earned_date' in 'order clause' - /api/v1/agents/commissions - GET - ::1","timestamp":"2026-02-12T19:00:40.273Z"}
{"level":"error","message":"500 - Unknown column 'earned_date' in 'order clause' - /api/v1/agents/commissions - GET - ::1","timestamp":"2026-02-12T19:00:55.674Z"}
{"level":"error","message":"500 - Unknown column 'earned_date' in 'order clause' - /api/v1/agents/commissions - GET - ::1","timestamp":"2026-02-12T19:00:55.684Z"}
{"level":"error","message":"500 - Unknown column 'earned_date' in 'order clause' - /api/v1/agents/commissions - GET - ::1","timestamp":"2026-02-12T19:03:49.862Z"}
{"level":"error","message":"500 - Unknown column 'earned_date' in 'order clause' - /api/v1/agents/commissions - GET - ::1","timestamp":"2026-02-12T19:03:49.868Z"}
{"level":"error","message":"500 - Unknown column 'earned_date' in 'order clause' - /api/v1/agents/commissions - GET - ::1","timestamp":"2026-02-12T19:04:11.217Z"}
{"level":"error","message":"500 - Unknown column 'earned_date' in 'order clause' - /api/v1/agents/commissions - GET - ::1","timestamp":"2026-02-12T19:04:11.225Z"}
{"level":"error","message":"500 - Unknown column 'earned_date' in 'order clause' - /api/v1/agents/commissions - GET - ::1","timestamp":"2026-02-12T19:04:27.917Z"}
{"level":"error","message":"500 - Unknown column 'earned_date' in 'order clause' - /api/v1/agents/commissions - GET - ::1","timestamp":"2026-02-12T19:04:27.926Z"}
{"level":"error","message":"500 - Unknown column 'earned_date' in 'order clause' - /api/v1/agents/commissions - GET - ::1","timestamp":"2026-02-12T19:04:38.258Z"}
{"level":"error","message":"500 - Unknown column 'earned_date' in 'order clause' - /api/v1/agents/commissions - GET - ::1","timestamp":"2026-02-12T19:04:38.268Z"}
{"level":"error","message":"500 - Unknown column 'earned_date' in 'order clause' - /api/v1/agents/commissions - GET - ::1","timestamp":"2026-02-12T19:05:25.811Z"}
{"level":"error","message":"500 - Unknown column 'earned_date' in 'order clause' - /api/v1/agents/commissions - GET - ::1","timestamp":"2026-02-12T19:05:25.821Z"}
{"level":"error","message":"500 - Unknown column 'earned_date' in 'order clause' - /api/v1/agents/commissions - GET - ::1","timestamp":"2026-02-12T19:05:27.724Z"}
{"level":"error","message":"500 - Unknown column 'earned_date' in 'order clause' - /api/v1/agents/commissions - GET - ::1","timestamp":"2026-02-12T19:05:27.734Z"}
{"level":"error","message":"500 - Unknown column 'earned_date' in 'order clause' - /api/v1/agents/commissions - GET - ::1","timestamp":"2026-02-12T19:05:34.308Z"}
{"level":"error","message":"500 - Unknown column 'earned_date' in 'order clause' - /api/v1/agents/commissions - GET - ::1","timestamp":"2026-02-12T19:05:34.318Z"}
{"level":"error","message":"500 - Unknown column 'earned_date' in 'order clause' - /api/v1/agents/commissions - GET - ::1","timestamp":"2026-02-12T19:05:53.728Z"}
{"level":"error","message":"500 - Unknown column 'earned_date' in 'order clause' - /api/v1/agents/commissions - GET - ::1","timestamp":"2026-02-12T19:05:53.740Z"}
{"level":"error","message":"500 - Unknown column 'earned_date' in 'order clause' - /api/v1/agents/commissions - GET - ::1","timestamp":"2026-02-12T19:07:57.461Z"}
{"level":"error","message":"500 - Unknown column 'earned_date' in 'order clause' - /api/v1/agents/commissions - GET - ::1","timestamp":"2026-02-12T19:07:57.468Z"}
{"level":"error","message":"500 - Unknown column 'earned_date' in 'order clause' - /api/v1/agents/commissions - GET - ::1","timestamp":"2026-02-12T19:08:11.109Z"}
{"level":"error","message":"500 - Unknown column 'earned_date' in 'order clause' - /api/v1/agents/commissions - GET - ::1","timestamp":"2026-02-12T19:08:11.113Z"}
{"level":"error","message":"500 - Unknown column 'earned_date' in 'order clause' - /api/v1/agents/commissions - GET - ::1","timestamp":"2026-02-12T19:08:28.580Z"}
{"level":"error","message":"500 - Unknown column 'earned_date' in 'order clause' - /api/v1/agents/commissions - GET - ::1","timestamp":"2026-02-12T19:08:28.589Z"}
{"level":"error","message":"500 - Unknown column 'earned_date' in 'order clause' - /api/v1/agents/commissions - GET - ::1","timestamp":"2026-02-12T19:15:55.748Z"}
{"level":"error","message":"500 - Unknown column 'earned_date' in 'order clause' - /api/v1/agents/commissions - GET - ::1","timestamp":"2026-02-12T19:15:55.756Z"}
{"level":"info","message":"✓ Database connected successfully","timestamp":"2026-02-12T19:20:23.898Z"}
{"level":"info","message":"✓ Server running on port 5000","timestamp":"2026-02-12T19:20:23.905Z"}
{"level":"info","message":"✓ Database connected successfully","timestamp":"2026-02-12T20:21:29.179Z"}
{"level":"info","message":"✓ Server running on port 5000","timestamp":"2026-02-12T20:21:29.185Z"}
{"level":"info","message":"✓ Database connected successfully","timestamp":"2026-02-13T11:18:58.315Z"}
{"level":"info","message":"✓ Server running on port 5000","timestamp":"2026-02-13T11:18:58.325Z"}
{"level":"info","message":"✓ Database connected successfully","timestamp":"2026-02-13T13:29:38.286Z"}
{"level":"info","message":"✓ Server running on port 5000","timestamp":"2026-02-13T13:29:38.291Z"}
{"level":"info","message":"✓ Database connected successfully","timestamp":"2026-02-13T14:34:51.399Z"}
{"level":"info","message":"✓ Server running on port 5000","timestamp":"2026-02-13T14:34:51.405Z"}
{"level":"info","message":"✓ Database connected successfully","timestamp":"2026-02-13T14:37:53.020Z"}
{"level":"info","message":"✓ Server running on port 5000","timestamp":"2026-02-13T14:37:53.026Z"}
{"level":"info","message":"✓ Database connected successfully","timestamp":"2026-02-13T15:17:46.166Z"}
{"level":"info","message":"✓ Server running on port 5000","timestamp":"2026-02-13T15:17:46.173Z"}
{"level":"error","message":"500 - Unknown column 'profile_image' in 'field list' - /api/v1/users/profile - PATCH - ::1","timestamp":"2026-02-13T15:18:23.275Z"}
{"level":"info","message":"✓ Database connected successfully","timestamp":"2026-02-13T16:51:10.291Z"}
{"level":"info","message":"✓ Server running on port 5000","timestamp":"2026-02-13T16:51:10.296Z"}
{"level":"error","message":"500 - Unknown column 'profile_image' in 'field list' - /api/v1/users/profile - PATCH - ::1","timestamp":"2026-02-13T16:51:54.680Z"}
{"level":"info","message":"✓ Database connected successfully","timestamp":"2026-02-13T16:54:01.570Z"}
{"level":"info","message":"✓ Server running on port 5000","timestamp":"2026-02-13T16:54:01.575Z"}
{"level":"info","message":"✓ Database connected successfully","timestamp":"2026-02-13T16:57:59.393Z"}
{"level":"info","message":"✓ Server running on port 5000","timestamp":"2026-02-13T16:57:59.398Z"}
{"level":"info","message":"✓ Database connected successfully","timestamp":"2026-02-13T17:04:12.887Z"}
{"level":"info","message":"✓ Server running on port 5000","timestamp":"2026-02-13T17:04:12.893Z"}
{"level":"info","message":"✓ Database connected successfully","timestamp":"2026-02-13T17:08:37.181Z"}
{"level":"info","message":"✓ Server running on port 5000","timestamp":"2026-02-13T17:08:37.186Z"}
{"level":"info","message":"✓ Database connected successfully","timestamp":"2026-02-13T17:22:14.117Z"}
{"level":"info","message":"✓ Server running on port 5000","timestamp":"2026-02-13T17:22:14.124Z"}
{"level":"info","message":"✓ Database connected successfully","timestamp":"2026-02-13T17:51:26.593Z"}
{"level":"info","message":"✓ Server running on port 5000","timestamp":"2026-02-13T17:51:26.597Z"}
{"level":"info","message":"✓ Database connected successfully","timestamp":"2026-02-13T17:56:32.927Z"}
{"level":"info","message":"✓ Database connected successfully","timestamp":"2026-02-13T18:02:48.152Z"}
