{"level":"error","message":"500 - Field 'seating_capacity' doesn't have a default value - /api/v1/vehicles - POST - ::1","timestamp":"2026-02-12T10:43:21.671Z"}
{"level":"error","message":"500 - Field 'seating_capacity' doesn't have a default value - /api/v1/vehicles - POST - ::1","timestamp":"2026-02-12T10:43:29.631Z"}
{"level":"error","message":"500 - Unknown column 'earned_date' in 'order clause' - /api/v1/agents/commissions - GET - ::1","timestamp":"2026-02-12T10:45:28.688Z"}
{"level":"error","message":"500 - Unknown column 'earned_date' in 'order clause' - /api/v1/agents/commissions - GET - ::1","timestamp":"2026-02-12T10:45:28.700Z"}
{"level":"error","message":"500 - Unknown column 'earned_date' in 'order clause' - /api/v1/agents/commissions - GET - ::1","timestamp":"2026-02-12T10:45:36.491Z"}
{"level":"error","message":"500 - Unknown column 'earned_date' in 'order clause' - /api/v1/agents/commissions - GET - ::1","timestamp":"2026-02-12T10:45:36.498Z"}
{"level":"error","message":"500 - Field 'booking_reference' doesn't have a default value - /api/v1/bookings - POST - ::1","timestamp":"2026-02-12T10:47:45.068Z"}
{"level":"error","message":"500 - Field 'booking_reference' doesn't have a default value - /api/v1/bookings - POST - ::1","timestamp":"2026-02-12T10:48:05.145Z"}
{"level":"error","message":"500 - Field 'booking_reference' doesn't have a default value - /api/v1/bookings - POST - ::1","timestamp":"2026-02-12T10:48:16.346Z"}
{"level":"error","message":"500 - Field 'booking_reference' doesn't have a default value - /api/v1/bookings - POST - ::1","timestamp":"2026-02-12T10:48:54.012Z"}
{"level":"error","message":"500 - Cannot add or update a child row: a foreign key constraint fails (`rivers_rwanda`.`bookings`, CONSTRAINT `bookings_ibfk_1` FOREIGN KEY (`client_id`) REFERENCES `clients` (`id`)) - /api/v1/bookings - POST - ::1","timestamp":"2026-02-12T10:51:28.409Z"}
{"level":"error","message":"500 - Cannot add or update a child row: a foreign key constraint fails (`rivers_rwanda`.`bookings`, CONSTRAINT `bookings_ibfk_1` FOREIGN KEY (`client_id`) REFERENCES `clients` (`id`)) - /api/v1/bookings - POST - ::1","timestamp":"2026-02-12T10:51:33.801Z"}
{"level":"error","message":"500 - Cannot add or update a child row: a foreign key constraint fails (`rivers_rwanda`.`bookings`, CONSTRAINT `bookings_ibfk_1` FOREIGN KEY (`client_id`) REFERENCES `clients` (`id`)) - /api/v1/bookings - POST - ::1","timestamp":"2026-02-12T10:52:46.478Z"}
{"level":"error","message":"500 - Field 'seating_capacity' doesn't have a default value - /api/v1/vehicles - POST - ::1","timestamp":"2026-02-12T11:24:08.174Z"}
{"level":"error","message":"500 - Field 'seating_capacity' doesn't have a default value - /api/v1/vehicles - POST - ::1","timestamp":"2026-02-12T11:24:09.912Z"}
{"level":"error","message":"500 - Cannot delete or update a parent row: a foreign key constraint fails (`rivers_rwanda`.`bookings`, CONSTRAINT `bookings_ibfk_3` FOREIGN KEY (`accommodation_id`) REFERENCES `accommodations` (`id`)) - /api/v1/accommodations/71151e5b-07ff-11f1-bb23-e880889a729a - DELETE - ::1","timestamp":"2026-02-12T11:25:53.748Z"}
{"level":"error","message":"500 - Field 'seating_capacity' doesn't have a default value - /api/v1/vehicles - POST - ::1","timestamp":"2026-02-12T11:29:11.248Z"}
{"level":"error","message":"500 - Field 'seating_capacity' doesn't have a default value - /api/v1/vehicles - POST - ::1","timestamp":"2026-02-12T11:35:44.955Z"}
{"level":"error","message":"500 - Field 'seating_capacity' doesn't have a default value - /api/v1/vehicles - POST - ::1","timestamp":"2026-02-12T11:35:50.240Z"}
{"level":"error","message":"500 - Field 'seating_capacity' doesn't have a default value - /api/v1/vehicles - POST - ::1","timestamp":"2026-02-12T11:37:16.839Z"}
{"level":"error","message":"500 - Field 'seating_capacity' doesn't have a default value - /api/v1/vehicles - POST - ::1","timestamp":"2026-02-12T11:37:26.104Z"}
{"level":"error","message":"500 - Field 'seating_capacity' doesn't have a default value - /api/v1/vehicles - POST - ::1","timestamp":"2026-02-12T11:37:40.879Z"}
{"level":"error","message":"500 - Unknown column 'earned_date' in 'order clause' - /api/v1/agents/commissions - GET - ::1","timestamp":"2026-02-12T18:57:01.989Z"}
{"level":"error","message":"500 - Unknown column 'earned_date' in 'order clause' - /api/v1/agents/commissions - GET - ::1","timestamp":"2026-02-12T18:57:02.013Z"}
{"level":"error","message":"500 - Unknown column 'earned_date' in 'order clause' - /api/v1/agents/commissions - GET - ::1","timestamp":"2026-02-12T18:57:08.708Z"}
{"level":"error","message":"500 - Unknown column 'earned_date' in 'order clause' - /api/v1/agents/commissions - GET - ::1","timestamp":"2026-02-12T18:57:08.714Z"}
{"level":"error","message":"500 - Unknown column 'earned_date' in 'order clause' - /api/v1/agents/commissions - GET - ::1","timestamp":"2026-02-12T18:58:34.500Z"}
{"level":"error","message":"500 - Unknown column 'earned_date' in 'order clause' - /api/v1/agents/commissions - GET - ::1","timestamp":"2026-02-12T18:58:34.508Z"}
{"level":"error","message":"500 - Unknown column 'earned_date' in 'order clause' - /api/v1/agents/commissions - GET - ::1","timestamp":"2026-02-12T18:59:05.163Z"}
{"level":"error","message":"500 - Unknown column 'earned_date' in 'order clause' - /api/v1/agents/commissions - GET - ::1","timestamp":"2026-02-12T18:59:05.171Z"}
{"level":"error","message":"500 - Unknown column 'earned_date' in 'order clause' - /api/v1/agents/commissions - GET - ::1","timestamp":"2026-02-12T18:59:17.452Z"}
{"level":"error","message":"500 - Unknown column 'earned_date' in 'order clause' - /api/v1/agents/commissions - GET - ::1","timestamp":"2026-02-12T18:59:17.464Z"}
{"level":"error","message":"500 - Unknown column 'earned_date' in 'order clause' - /api/v1/agents/commissions - GET - ::1","timestamp":"2026-02-12T18:59:23.024Z"}
{"level":"error","message":"500 - Unknown column 'earned_date' in 'order clause' - /api/v1/agents/commissions - GET - ::1","timestamp":"2026-02-12T18:59:23.032Z"}
{"level":"error","message":"500 - Unknown column 'earned_date' in 'order clause' - /api/v1/agents/commissions - GET - ::1","timestamp":"2026-02-12T19:00:40.267Z"}
{"level":"error","message":"500 - Unknown column 'earned_date' in 'order clause' - /api/v1/agents/commissions - GET - ::1","timestamp":"2026-02-12T19:00:40.273Z"}
{"level":"error","message":"500 - Unknown column 'earned_date' in 'order clause' - /api/v1/agents/commissions - GET - ::1","timestamp":"2026-02-12T19:00:55.674Z"}
{"level":"error","message":"500 - Unknown column 'earned_date' in 'order clause' - /api/v1/agents/commissions - GET - ::1","timestamp":"2026-02-12T19:00:55.684Z"}
{"level":"error","message":"500 - Unknown column 'earned_date' in 'order clause' - /api/v1/agents/commissions - GET - ::1","timestamp":"2026-02-12T19:03:49.862Z"}
{"level":"error","message":"500 - Unknown column 'earned_date' in 'order clause' - /api/v1/agents/commissions - GET - ::1","timestamp":"2026-02-12T19:03:49.868Z"}
{"level":"error","message":"500 - Unknown column 'earned_date' in 'order clause' - /api/v1/agents/commissions - GET - ::1","timestamp":"2026-02-12T19:04:11.217Z"}
{"level":"error","message":"500 - Unknown column 'earned_date' in 'order clause' - /api/v1/agents/commissions - GET - ::1","timestamp":"2026-02-12T19:04:11.225Z"}
{"level":"error","message":"500 - Unknown column 'earned_date' in 'order clause' - /api/v1/agents/commissions - GET - ::1","timestamp":"2026-02-12T19:04:27.917Z"}
{"level":"error","message":"500 - Unknown column 'earned_date' in 'order clause' - /api/v1/agents/commissions - GET - ::1","timestamp":"2026-02-12T19:04:27.926Z"}
{"level":"error","message":"500 - Unknown column 'earned_date' in 'order clause' - /api/v1/agents/commissions - GET - ::1","timestamp":"2026-02-12T19:04:38.258Z"}
{"level":"error","message":"500 - Unknown column 'earned_date' in 'order clause' - /api/v1/agents/commissions - GET - ::1","timestamp":"2026-02-12T19:04:38.268Z"}
{"level":"error","message":"500 - Unknown column 'earned_date' in 'order clause' - /api/v1/agents/commissions - GET - ::1","timestamp":"2026-02-12T19:05:25.811Z"}
{"level":"error","message":"500 - Unknown column 'earned_date' in 'order clause' - /api/v1/agents/commissions - GET - ::1","timestamp":"2026-02-12T19:05:25.821Z"}
{"level":"error","message":"500 - Unknown column 'earned_date' in 'order clause' - /api/v1/agents/commissions - GET - ::1","timestamp":"2026-02-12T19:05:27.724Z"}
{"level":"error","message":"500 - Unknown column 'earned_date' in 'order clause' - /api/v1/agents/commissions - GET - ::1","timestamp":"2026-02-12T19:05:27.734Z"}
{"level":"error","message":"500 - Unknown column 'earned_date' in 'order clause' - /api/v1/agents/commissions - GET - ::1","timestamp":"2026-02-12T19:05:34.308Z"}
{"level":"error","message":"500 - Unknown column 'earned_date' in 'order clause' - /api/v1/agents/commissions - GET - ::1","timestamp":"2026-02-12T19:05:34.318Z"}
{"level":"error","message":"500 - Unknown column 'earned_date' in 'order clause' - /api/v1/agents/commissions - GET - ::1","timestamp":"2026-02-12T19:05:53.728Z"}
{"level":"error","message":"500 - Unknown column 'earned_date' in 'order clause' - /api/v1/agents/commissions - GET - ::1","timestamp":"2026-02-12T19:05:53.740Z"}
{"level":"error","message":"500 - Unknown column 'earned_date' in 'order clause' - /api/v1/agents/commissions - GET - ::1","timestamp":"2026-02-12T19:07:57.461Z"}
{"level":"error","message":"500 - Unknown column 'earned_date' in 'order clause' - /api/v1/agents/commissions - GET - ::1","timestamp":"2026-02-12T19:07:57.468Z"}
{"level":"error","message":"500 - Unknown column 'earned_date' in 'order clause' - /api/v1/agents/commissions - GET - ::1","timestamp":"2026-02-12T19:08:11.109Z"}
{"level":"error","message":"500 - Unknown column 'earned_date' in 'order clause' - /api/v1/agents/commissions - GET - ::1","timestamp":"2026-02-12T19:08:11.113Z"}
{"level":"error","message":"500 - Unknown column 'earned_date' in 'order clause' - /api/v1/agents/commissions - GET - ::1","timestamp":"2026-02-12T19:08:28.580Z"}
{"level":"error","message":"500 - Unknown column 'earned_date' in 'order clause' - /api/v1/agents/commissions - GET - ::1","timestamp":"2026-02-12T19:08:28.589Z"}
{"level":"error","message":"500 - Unknown column 'earned_date' in 'order clause' - /api/v1/agents/commissions - GET - ::1","timestamp":"2026-02-12T19:15:55.748Z"}
{"level":"error","message":"500 - Unknown column 'earned_date' in 'order clause' - /api/v1/agents/commissions - GET - ::1","timestamp":"2026-02-12T19:15:55.756Z"}
{"level":"error","message":"500 - Unknown column 'profile_image' in 'field list' - /api/v1/users/profile - PATCH - ::1","timestamp":"2026-02-13T15:18:23.275Z"}
{"level":"error","message":"500 - Unknown column 'profile_image' in 'field list' - /api/v1/users/profile - PATCH - ::1","timestamp":"2026-02-13T16:51:54.680Z"}
